[21-04-2026 15:54:28.358 INFO com.nopcommerce.tri.Level_3_Practice_Automation] - ---------- START delete file in folder ----------
[21-04-2026 15:54:28.362 INFO com.nopcommerce.tri.Level_3_Practice_Automation] - ---------- END delete file in folder ----------
[21-04-2026 15:54:28.370 INFO com.nopcommerce.tri.Level_3_Practice_Automation] - debug 111
[21-04-2026 15:54:28.629 INFO io.github.bonigarcia.wdm.WebDriverManager] - Using chromedriver <html><head><script language=javascript>top.location.replace("https://192.168.1.1:443/cgi-bin/portal.asp");</script></head><body></body></html>
 (resolved driver for Chrome 147)
[21-04-2026 15:54:28.656 WARN io.github.bonigarcia.wdm.WebDriverManager] - There was an error managing chromedriver <html><head><script language=javascript>top.location.replace("https://192.168.1.1:443/cgi-bin/portal.asp");</script></head><body></body></html>
 (For input string: "<html><head><script language=javascript>top") ... trying again using latest driver stored in cache
[21-04-2026 15:54:28.658 INFO io.github.bonigarcia.wdm.WebDriverManager] - Using chromedriver <html><head><script language=javascript>top.location.replace("https://192.168.1.1:443/cgi-bin/portal.asp");</script></head><body></body></html>
 (resolved driver for Chrome 147)
[21-04-2026 15:54:28.664 ERROR io.github.bonigarcia.wdm.WebDriverManager] - There was an error managing chromedriver <html><head><script language=javascript>top.location.replace("https://192.168.1.1:443/cgi-bin/portal.asp");</script></head><body></body></html>
 (For input string: "<html><head><script language=javascript>top")
java.lang.NumberFormatException: For input string: "<html><head><script language=javascript>top"
	at java.base/java.lang.NumberFormatException.forInputString(NumberFormatException.java:65) ~[?:?]
	at java.base/java.lang.Integer.parseInt(Integer.java:652) ~[?:?]
	at java.base/java.lang.Integer.parseInt(Integer.java:770) ~[?:?]
	at io.github.bonigarcia.wdm.managers.ChromeDriverManager.buildUrl(ChromeDriverManager.java:177) ~[webdrivermanager-5.7.0.jar:?]
	at io.github.bonigarcia.wdm.managers.ChromeDriverManager.buildUrl(ChromeDriverManager.java:154) ~[webdrivermanager-5.7.0.jar:?]
	at io.github.bonigarcia.wdm.WebDriverManager.download(WebDriverManager.java:1262) [webdrivermanager-5.7.0.jar:?]
	at io.github.bonigarcia.wdm.WebDriverManager.manage(WebDriverManager.java:1183) [webdrivermanager-5.7.0.jar:?]
	at io.github.bonigarcia.wdm.WebDriverManager.fallback(WebDriverManager.java:1430) [webdrivermanager-5.7.0.jar:?]
	at io.github.bonigarcia.wdm.WebDriverManager.handleException(WebDriverManager.java:1408) [webdrivermanager-5.7.0.jar:?]
	at io.github.bonigarcia.wdm.WebDriverManager.manage(WebDriverManager.java:1189) [webdrivermanager-5.7.0.jar:?]
	at io.github.bonigarcia.wdm.WebDriverManager.setup(WebDriverManager.java:426) [webdrivermanager-5.7.0.jar:?]
	at com.nopcommerce.tri.Level_3_Practice_Automation.beforeClass(Level_3_Practice_Automation.java:34) [test-classes/:?]
	at java.base/jdk.internal.reflect.NativeMethodAccessorImpl.invoke0(Native Method) ~[?:?]
	at java.base/jdk.internal.reflect.NativeMethodAccessorImpl.invoke(NativeMethodAccessorImpl.java:62) ~[?:?]
	at java.base/jdk.internal.reflect.DelegatingMethodAccessorImpl.invoke(DelegatingMethodAccessorImpl.java:43) ~[?:?]
	at java.base/java.lang.reflect.Method.invoke(Method.java:566) ~[?:?]
	at org.testng.internal.MethodInvocationHelper.invokeMethod(MethodInvocationHelper.java:124) [testng-6.14.3.jar:?]
	at org.testng.internal.MethodInvocationHelper.invokeMethodConsideringTimeout(MethodInvocationHelper.java:59) [testng-6.14.3.jar:?]
	at org.testng.internal.Invoker.invokeConfigurationMethod(Invoker.java:458) [testng-6.14.3.jar:?]
	at org.testng.internal.Invoker.invokeConfigurations(Invoker.java:222) [testng-6.14.3.jar:?]
	at org.testng.internal.Invoker.invokeConfigurations(Invoker.java:142) [testng-6.14.3.jar:?]
	at org.testng.internal.TestMethodWorker.invokeBeforeClassMethods(TestMethodWorker.java:168) [testng-6.14.3.jar:?]
	at org.testng.internal.TestMethodWorker.run(TestMethodWorker.java:105) [testng-6.14.3.jar:?]
	at org.testng.TestRunner.privateRun(TestRunner.java:648) [testng-6.14.3.jar:?]
	at org.testng.TestRunner.run(TestRunner.java:505) [testng-6.14.3.jar:?]
	at org.testng.SuiteRunner.runTest(SuiteRunner.java:455) [testng-6.14.3.jar:?]
	at org.testng.SuiteRunner.runSequentially(SuiteRunner.java:450) [testng-6.14.3.jar:?]
	at org.testng.SuiteRunner.privateRun(SuiteRunner.java:415) [testng-6.14.3.jar:?]
	at org.testng.SuiteRunner.run(SuiteRunner.java:364) [testng-6.14.3.jar:?]
	at org.testng.SuiteRunnerWorker.runSuite(SuiteRunnerWorker.java:52) [testng-6.14.3.jar:?]
	at org.testng.SuiteRunnerWorker.run(SuiteRunnerWorker.java:84) [testng-6.14.3.jar:?]
	at org.testng.TestNG.runSuitesSequentially(TestNG.java:1208) [testng-6.14.3.jar:?]
	at org.testng.TestNG.runSuitesLocally(TestNG.java:1137) [testng-6.14.3.jar:?]
	at org.testng.TestNG.runSuites(TestNG.java:1049) [testng-6.14.3.jar:?]
	at org.testng.TestNG.run(TestNG.java:1017) [testng-6.14.3.jar:?]
	at org.apache.maven.surefire.testng.TestNGExecutor.run(TestNGExecutor.java:283) [surefire-testng-2.22.2.jar:2.22.2]
	at org.apache.maven.surefire.testng.TestNGXmlTestSuite.execute(TestNGXmlTestSuite.java:75) [surefire-testng-2.22.2.jar:2.22.2]
	at org.apache.maven.surefire.testng.TestNGProvider.invoke(TestNGProvider.java:120) [surefire-testng-2.22.2.jar:2.22.2]
	at org.apache.maven.surefire.booter.ForkedBooter.invokeProviderInSameClassLoader(ForkedBooter.java:384) [surefire-booter-2.22.2.jar:2.22.2]
	at org.apache.maven.surefire.booter.ForkedBooter.runSuitesInProcess(ForkedBooter.java:345) [surefire-booter-2.22.2.jar:2.22.2]
	at org.apache.maven.surefire.booter.ForkedBooter.execute(ForkedBooter.java:126) [surefire-booter-2.22.2.jar:2.22.2]
	at org.apache.maven.surefire.booter.ForkedBooter.main(ForkedBooter.java:418) [surefire-booter-2.22.2.jar:2.22.2]
